2023-02-14 08:20:49.437 | INFO     | tentamen.data.data_tools:get_file:61 - File /home/azureuser/code/ML22-tentamen/data/raw/ArabicTrain.txt already exists, skip download
2023-02-14 08:20:49.438 | INFO     | tentamen.data.data_tools:get_file:61 - File /home/azureuser/code/ML22-tentamen/data/raw/ArabicTest.txt already exists, skip download
2023-02-14 08:20:49.438 | INFO     | tentamen.data.datasets:get_arabic:34 - Loading data from /home/azureuser/code/ML22-tentamen/data/raw/ArabicTrain.txt and /home/azureuser/code/ML22-tentamen/data/raw/ArabicTest.txt
2023-02-14 08:20:50.322 | INFO     | tentamen.data.datasets:get_arabic:50 - Returning trainstreamer, teststreamer
2023-02-14 08:20:50.330 | INFO     | tentamen.train:dir_add_timestamp:159 - Logging to /home/azureuser/code/ML22-tentamen/final/20230214-0820
2023-02-14 08:21:21.673 | INFO     | tentamen.train:trainloop:146 - Epoch 0 train 2.9135 test 2.8531 metric ['0.0824']
2023-02-14 08:21:50.620 | INFO     | tentamen.train:trainloop:146 - Epoch 1 train 2.5661 test 2.6700 metric ['0.2022']
2023-02-14 08:22:19.462 | INFO     | tentamen.train:trainloop:146 - Epoch 2 train 1.8348 test 1.1958 metric ['0.6266']
2023-02-14 08:22:48.193 | INFO     | tentamen.train:trainloop:146 - Epoch 3 train 0.7659 test 0.6525 metric ['0.8056']
2023-02-14 08:23:16.967 | INFO     | tentamen.train:trainloop:146 - Epoch 4 train 0.3730 test 0.4437 metric ['0.8821']
2023-02-14 08:23:45.585 | INFO     | tentamen.train:trainloop:146 - Epoch 5 train 0.1995 test 0.3874 metric ['0.8957']
2023-02-14 08:24:14.065 | INFO     | tentamen.train:trainloop:146 - Epoch 6 train 0.1259 test 0.2572 metric ['0.9344']
2023-02-14 08:24:42.400 | INFO     | tentamen.train:trainloop:146 - Epoch 7 train 0.0714 test 0.1957 metric ['0.9481']
2023-02-14 08:25:10.858 | INFO     | tentamen.train:trainloop:146 - Epoch 8 train 0.0444 test 0.2430 metric ['0.9362']
2023-02-14 08:25:39.097 | INFO     | tentamen.train:trainloop:146 - Epoch 9 train 0.0336 test 0.2143 metric ['0.9449']
2023-02-14 08:26:07.300 | INFO     | tentamen.train:trainloop:146 - Epoch 10 train 0.0695 test 0.1867 metric ['0.9522']
2023-02-14 08:26:35.712 | INFO     | tentamen.train:trainloop:146 - Epoch 11 train 0.0337 test 0.2005 metric ['0.9517']
2023-02-14 08:27:04.122 | INFO     | tentamen.train:trainloop:146 - Epoch 12 train 0.0161 test 0.1612 metric ['0.9640']
2023-02-14 08:27:32.416 | INFO     | tentamen.train:trainloop:146 - Epoch 13 train 0.0138 test 0.2038 metric ['0.9595']
2023-02-14 08:28:00.232 | INFO     | tentamen.train:trainloop:146 - Epoch 14 train 0.0227 test 0.2088 metric ['0.9526']
2023-02-14 08:28:28.157 | INFO     | tentamen.train:trainloop:146 - Epoch 15 train 0.0327 test 0.2810 metric ['0.9499']
2023-02-14 08:28:56.177 | INFO     | tentamen.train:trainloop:146 - Epoch 16 train 0.0251 test 0.1953 metric ['0.9545']
2023-02-14 08:29:24.027 | INFO     | tentamen.train:trainloop:146 - Epoch 17 train 0.0179 test 0.1804 metric ['0.9590']
2023-02-14 08:29:51.836 | INFO     | tentamen.train:trainloop:146 - Epoch 18 train 0.0080 test 0.1836 metric ['0.9586']
2023-02-14 08:30:19.691 | INFO     | tentamen.train:trainloop:146 - Epoch 19 train 0.0292 test 0.1518 metric ['0.9572']
2023-02-14 08:30:47.649 | INFO     | tentamen.train:trainloop:146 - Epoch 20 train 0.0210 test 0.1494 metric ['0.9654']
2023-02-14 08:31:15.335 | INFO     | tentamen.train:trainloop:146 - Epoch 21 train 0.0060 test 0.1403 metric ['0.9631']
2023-02-14 08:31:43.365 | INFO     | tentamen.train:trainloop:146 - Epoch 22 train 0.0025 test 0.1500 metric ['0.9677']
2023-02-14 08:32:11.239 | INFO     | tentamen.train:trainloop:146 - Epoch 23 train 0.0105 test 0.1619 metric ['0.9558']
2023-02-14 08:32:38.971 | INFO     | tentamen.train:trainloop:146 - Epoch 24 train 0.0071 test 0.1497 metric ['0.9654']
2023-02-14 08:32:38.972 | INFO     | __main__:<module>:45 - save model to /home/azureuser/code/ML22-tentamen/models/20230214-083238model.pt
