2023-02-13 23:33:16.940 | INFO     | tentamen.data.data_tools:get_file:61 - File /home/azureuser/code/ML22-tentamen/data/raw/ArabicTrain.txt already exists, skip download
2023-02-13 23:33:16.940 | INFO     | tentamen.data.data_tools:get_file:61 - File /home/azureuser/code/ML22-tentamen/data/raw/ArabicTest.txt already exists, skip download
2023-02-13 23:33:16.940 | INFO     | tentamen.data.datasets:get_arabic:34 - Loading data from /home/azureuser/code/ML22-tentamen/data/raw/ArabicTrain.txt and /home/azureuser/code/ML22-tentamen/data/raw/ArabicTest.txt
2023-02-13 23:33:17.822 | INFO     | tentamen.data.datasets:get_arabic:50 - Returning trainstreamer, teststreamer
2023-02-13 23:33:17.833 | INFO     | tentamen.train:dir_add_timestamp:159 - Logging to /home/azureuser/code/ML22-tentamen/run6/20230213-2333
2023-02-13 23:34:04.821 | INFO     | tentamen.train:trainloop:146 - Epoch 0 train 2.9011 test 3.1190 metric ['0.0809']
2023-02-13 23:34:40.141 | INFO     | tentamen.train:trainloop:146 - Epoch 1 train 2.5848 test 2.2427 metric ['0.2408']
2023-02-13 23:35:15.552 | INFO     | tentamen.train:trainloop:146 - Epoch 2 train 1.6423 test 1.7123 metric ['0.5694']
2023-02-13 23:35:50.692 | INFO     | tentamen.train:trainloop:146 - Epoch 3 train 0.7855 test 0.6480 metric ['0.8217']
2023-02-13 23:36:25.400 | INFO     | tentamen.train:trainloop:146 - Epoch 4 train 0.3027 test 0.4086 metric ['0.8879']
2023-02-13 23:37:00.649 | INFO     | tentamen.train:trainloop:146 - Epoch 5 train 0.1604 test 0.3619 metric ['0.9127']
2023-02-13 23:37:35.690 | INFO     | tentamen.train:trainloop:146 - Epoch 6 train 0.1140 test 0.3344 metric ['0.9205']
2023-02-13 23:38:10.848 | INFO     | tentamen.train:trainloop:146 - Epoch 7 train 0.0971 test 0.3864 metric ['0.9113']
2023-02-13 23:38:45.531 | INFO     | tentamen.train:trainloop:146 - Epoch 8 train 0.0651 test 0.2628 metric ['0.9416']
2023-02-13 23:39:20.276 | INFO     | tentamen.train:trainloop:146 - Epoch 9 train 0.0371 test 0.2124 metric ['0.9467']
2023-02-13 23:39:55.491 | INFO     | tentamen.train:trainloop:146 - Epoch 10 train 0.0244 test 0.2399 metric ['0.9449']
2023-02-13 23:40:30.509 | INFO     | tentamen.train:trainloop:146 - Epoch 11 train 0.0151 test 0.2300 metric ['0.9476']
2023-02-13 23:41:05.527 | INFO     | tentamen.train:trainloop:146 - Epoch 12 train 0.0317 test 0.3030 metric ['0.9205']
2023-02-13 23:41:40.508 | INFO     | tentamen.train:trainloop:146 - Epoch 13 train 0.0298 test 0.1957 metric ['0.9540']
2023-02-13 23:42:15.163 | INFO     | tentamen.train:trainloop:146 - Epoch 14 train 0.0208 test 0.2223 metric ['0.9494']
2023-02-13 23:42:50.345 | INFO     | tentamen.train:trainloop:146 - Epoch 15 train 0.0205 test 0.1697 metric ['0.9554']
2023-02-13 23:43:25.514 | INFO     | tentamen.train:trainloop:146 - Epoch 16 train 0.0205 test 0.1947 metric ['0.9554']
2023-02-13 23:44:00.381 | INFO     | tentamen.train:trainloop:146 - Epoch 17 train 0.0087 test 0.1758 metric ['0.9600']
2023-02-13 23:44:35.736 | INFO     | tentamen.train:trainloop:146 - Epoch 18 train 0.0046 test 0.1607 metric ['0.9609']
2023-02-13 23:45:11.156 | INFO     | tentamen.train:trainloop:146 - Epoch 19 train 0.0029 test 0.1493 metric ['0.9646']
2023-02-13 23:45:46.217 | INFO     | tentamen.train:trainloop:146 - Epoch 20 train 0.0023 test 0.1519 metric ['0.9683']
2023-02-13 23:46:21.521 | INFO     | tentamen.train:trainloop:146 - Epoch 21 train 0.0021 test 0.1540 metric ['0.9660']
2023-02-13 23:46:56.878 | INFO     | tentamen.train:trainloop:146 - Epoch 22 train 0.0020 test 0.1418 metric ['0.9692']
2023-02-13 23:47:31.953 | INFO     | tentamen.train:trainloop:146 - Epoch 23 train 0.0020 test 0.1451 metric ['0.9660']
2023-02-13 23:48:06.624 | INFO     | tentamen.train:trainloop:146 - Epoch 24 train 0.0010 test 0.1804 metric ['0.9660']
2023-02-13 23:48:41.734 | INFO     | tentamen.train:trainloop:146 - Epoch 25 train 0.0036 test 0.3004 metric ['0.9398']
2023-02-13 23:49:16.691 | INFO     | tentamen.train:trainloop:146 - Epoch 26 train 0.0504 test 0.2652 metric ['0.9462']
2023-02-13 23:49:52.237 | INFO     | tentamen.train:trainloop:146 - Epoch 27 train 0.0203 test 0.2414 metric ['0.9508']
2023-02-13 23:50:27.319 | INFO     | tentamen.train:trainloop:146 - Epoch 28 train 0.0698 test 0.2055 metric ['0.9426']
2023-02-13 23:51:02.692 | INFO     | tentamen.train:trainloop:146 - Epoch 29 train 0.0240 test 0.1748 metric ['0.9517']
2023-02-13 23:51:02.694 | INFO     | __main__:<module>:45 - save model to /home/azureuser/code/ML22-tentamen/models/20230213-235102model.pt
2023-02-14 06:56:51.879 | INFO     | tentamen.data.data_tools:get_file:61 - File /home/azureuser/code/ML22-tentamen/data/raw/ArabicTrain.txt already exists, skip download
2023-02-14 06:56:51.880 | INFO     | tentamen.data.data_tools:get_file:61 - File /home/azureuser/code/ML22-tentamen/data/raw/ArabicTest.txt already exists, skip download
2023-02-14 06:56:51.880 | INFO     | tentamen.data.datasets:get_arabic:34 - Loading data from /home/azureuser/code/ML22-tentamen/data/raw/ArabicTrain.txt and /home/azureuser/code/ML22-tentamen/data/raw/ArabicTest.txt
2023-02-14 06:56:52.761 | INFO     | tentamen.data.datasets:get_arabic:50 - Returning trainstreamer, teststreamer
2023-02-14 06:56:52.770 | INFO     | tentamen.train:dir_add_timestamp:159 - Logging to /home/azureuser/code/ML22-tentamen/run6/20230214-0656
2023-02-14 06:57:23.122 | INFO     | tentamen.train:trainloop:146 - Epoch 0 train 2.8845 test 2.8172 metric ['0.0988']
2023-02-14 06:57:51.289 | INFO     | tentamen.train:trainloop:146 - Epoch 1 train 2.4080 test 2.0603 metric ['0.3010']
2023-02-14 06:58:19.960 | INFO     | tentamen.train:trainloop:146 - Epoch 2 train 1.4602 test 1.0983 metric ['0.6847']
2023-02-14 06:58:48.535 | INFO     | tentamen.train:trainloop:146 - Epoch 3 train 0.7288 test 0.7777 metric ['0.7803']
2023-02-14 06:59:17.380 | INFO     | tentamen.train:trainloop:146 - Epoch 4 train 0.3347 test 0.4462 metric ['0.8994']
2023-02-14 06:59:45.700 | INFO     | tentamen.train:trainloop:146 - Epoch 5 train 0.1530 test 0.3573 metric ['0.9072']
2023-02-14 07:00:14.158 | INFO     | tentamen.train:trainloop:146 - Epoch 6 train 0.0965 test 0.3091 metric ['0.9278']
2023-02-14 07:00:41.876 | INFO     | tentamen.train:trainloop:146 - Epoch 7 train 0.0654 test 0.3177 metric ['0.9210']
2023-02-14 07:01:09.979 | INFO     | tentamen.train:trainloop:146 - Epoch 8 train 0.0459 test 0.2524 metric ['0.9338']
2023-02-14 07:01:38.207 | INFO     | tentamen.train:trainloop:146 - Epoch 9 train 0.0311 test 0.2295 metric ['0.9467']
2023-02-14 07:02:06.209 | INFO     | tentamen.train:trainloop:146 - Epoch 10 train 0.0303 test 0.3016 metric ['0.9357']
2023-02-14 07:02:33.863 | INFO     | tentamen.train:trainloop:146 - Epoch 11 train 0.0345 test 0.3210 metric ['0.9265']
2023-02-14 07:03:01.420 | INFO     | tentamen.train:trainloop:146 - Epoch 12 train 0.0482 test 0.3064 metric ['0.9297']
2023-02-14 07:03:29.366 | INFO     | tentamen.train:trainloop:146 - Epoch 13 train 0.0235 test 0.1710 metric ['0.9577']
2023-02-14 07:03:57.367 | INFO     | tentamen.train:trainloop:146 - Epoch 14 train 0.0157 test 0.1738 metric ['0.9568']
2023-02-14 07:04:26.393 | INFO     | tentamen.train:trainloop:146 - Epoch 15 train 0.0092 test 0.1872 metric ['0.9568']
2023-02-14 07:04:54.942 | INFO     | tentamen.train:trainloop:146 - Epoch 16 train 0.0051 test 0.1861 metric ['0.9559']
2023-02-14 07:05:23.023 | INFO     | tentamen.train:trainloop:146 - Epoch 17 train 0.0037 test 0.1793 metric ['0.9600']
2023-02-14 07:05:51.019 | INFO     | tentamen.train:trainloop:146 - Epoch 18 train 0.0024 test 0.1725 metric ['0.9600']
2023-02-14 07:06:18.361 | INFO     | tentamen.train:trainloop:146 - Epoch 19 train 0.0063 test 0.2539 metric ['0.9472']
2023-02-14 07:06:45.970 | INFO     | tentamen.train:trainloop:146 - Epoch 20 train 0.0112 test 0.2079 metric ['0.9508']
2023-02-14 07:07:13.350 | INFO     | tentamen.train:trainloop:146 - Epoch 21 train 0.0221 test 0.2255 metric ['0.9481']
2023-02-14 07:07:40.659 | INFO     | tentamen.train:trainloop:146 - Epoch 22 train 0.0217 test 0.1694 metric ['0.9577']
2023-02-14 07:08:08.269 | INFO     | tentamen.train:trainloop:146 - Epoch 23 train 0.0063 test 0.1869 metric ['0.9550']
2023-02-14 07:08:36.288 | INFO     | tentamen.train:trainloop:146 - Epoch 24 train 0.0118 test 0.2080 metric ['0.9540']
2023-02-14 07:09:03.952 | INFO     | tentamen.train:trainloop:146 - Epoch 25 train 0.0060 test 0.1975 metric ['0.9609']
2023-02-14 07:09:31.179 | INFO     | tentamen.train:trainloop:146 - Epoch 26 train 0.0046 test 0.1962 metric ['0.9559']
2023-02-14 07:09:58.680 | INFO     | tentamen.train:trainloop:146 - Epoch 27 train 0.0030 test 0.2088 metric ['0.9545']
2023-02-14 07:10:26.226 | INFO     | tentamen.train:trainloop:146 - Epoch 28 train 0.0018 test 0.1714 metric ['0.9609']
2023-02-14 07:10:53.634 | INFO     | tentamen.train:trainloop:146 - Epoch 29 train 0.0060 test 0.1995 metric ['0.9550']
2023-02-14 07:10:53.635 | INFO     | __main__:<module>:45 - save model to /home/azureuser/code/ML22-tentamen/models/20230214-071053model.pt
2023-02-14 08:00:14.122 | INFO     | tentamen.data.data_tools:get_file:61 - File /home/azureuser/code/ML22-tentamen/data/raw/ArabicTrain.txt already exists, skip download
2023-02-14 08:00:14.123 | INFO     | tentamen.data.data_tools:get_file:61 - File /home/azureuser/code/ML22-tentamen/data/raw/ArabicTest.txt already exists, skip download
2023-02-14 08:00:14.123 | INFO     | tentamen.data.datasets:get_arabic:34 - Loading data from /home/azureuser/code/ML22-tentamen/data/raw/ArabicTrain.txt and /home/azureuser/code/ML22-tentamen/data/raw/ArabicTest.txt
2023-02-14 08:00:15.003 | INFO     | tentamen.data.datasets:get_arabic:50 - Returning trainstreamer, teststreamer
2023-02-14 08:00:15.011 | INFO     | tentamen.train:dir_add_timestamp:159 - Logging to /home/azureuser/code/ML22-tentamen/run6/20230214-0800
2023-02-14 08:00:46.535 | INFO     | tentamen.train:trainloop:146 - Epoch 0 train 2.8155 test 2.4535 metric ['0.1774']
2023-02-14 08:01:15.498 | INFO     | tentamen.train:trainloop:146 - Epoch 1 train 1.8398 test 2.0329 metric ['0.4311']
2023-02-14 08:01:44.252 | INFO     | tentamen.train:trainloop:146 - Epoch 2 train 0.9459 test 0.7085 metric ['0.7964']
2023-02-14 08:02:12.757 | INFO     | tentamen.train:trainloop:146 - Epoch 3 train 0.3949 test 0.5216 metric ['0.8520']
2023-02-14 08:02:41.334 | INFO     | tentamen.train:trainloop:146 - Epoch 4 train 0.2145 test 0.3859 metric ['0.8975']
2023-02-14 08:03:09.753 | INFO     | tentamen.train:trainloop:146 - Epoch 5 train 0.1506 test 0.3205 metric ['0.9187']
2023-02-14 08:03:38.280 | INFO     | tentamen.train:trainloop:146 - Epoch 6 train 0.0875 test 0.2787 metric ['0.9242']
2023-02-14 08:04:06.613 | INFO     | tentamen.train:trainloop:146 - Epoch 7 train 0.0464 test 0.2531 metric ['0.9366']
2023-02-14 08:04:34.982 | INFO     | tentamen.train:trainloop:146 - Epoch 8 train 0.0943 test 0.2651 metric ['0.9260']
2023-02-14 08:05:03.211 | INFO     | tentamen.train:trainloop:146 - Epoch 9 train 0.0357 test 0.2106 metric ['0.9508']
2023-02-14 08:05:31.481 | INFO     | tentamen.train:trainloop:146 - Epoch 10 train 0.0364 test 0.2260 metric ['0.9453']
2023-02-14 08:05:59.569 | INFO     | tentamen.train:trainloop:146 - Epoch 11 train 0.0498 test 0.2341 metric ['0.9329']
2023-02-14 08:06:27.598 | INFO     | tentamen.train:trainloop:146 - Epoch 12 train 0.0224 test 0.2649 metric ['0.9361']
2023-02-14 08:06:55.518 | INFO     | tentamen.train:trainloop:146 - Epoch 13 train 0.0131 test 0.2260 metric ['0.9462']
2023-02-14 08:07:23.732 | INFO     | tentamen.train:trainloop:146 - Epoch 14 train 0.0083 test 0.2223 metric ['0.9467']
2023-02-14 08:07:52.180 | INFO     | tentamen.train:trainloop:146 - Epoch 15 train 0.0259 test 0.2923 metric ['0.9324']
2023-02-14 08:08:20.589 | INFO     | tentamen.train:trainloop:146 - Epoch 16 train 0.0233 test 0.2161 metric ['0.9467']
2023-02-14 08:08:48.985 | INFO     | tentamen.train:trainloop:146 - Epoch 17 train 0.0095 test 0.2682 metric ['0.9416']
2023-02-14 08:09:17.643 | INFO     | tentamen.train:trainloop:146 - Epoch 18 train 0.0051 test 0.2095 metric ['0.9517']
2023-02-14 08:09:46.138 | INFO     | tentamen.train:trainloop:146 - Epoch 19 train 0.0026 test 0.2045 metric ['0.9531']
2023-02-14 08:10:14.171 | INFO     | tentamen.train:trainloop:146 - Epoch 20 train 0.0022 test 0.2011 metric ['0.9568']
2023-02-14 08:10:42.654 | INFO     | tentamen.train:trainloop:146 - Epoch 21 train 0.0022 test 0.2084 metric ['0.9591']
2023-02-14 08:11:11.250 | INFO     | tentamen.train:trainloop:146 - Epoch 22 train 0.0017 test 0.2061 metric ['0.9577']
2023-02-14 08:11:39.515 | INFO     | tentamen.train:trainloop:146 - Epoch 23 train 0.0014 test 0.2004 metric ['0.9591']
2023-02-14 08:12:07.957 | INFO     | tentamen.train:trainloop:146 - Epoch 24 train 0.0016 test 0.2076 metric ['0.9586']
2023-02-14 08:12:07.959 | INFO     | __main__:<module>:45 - save model to /home/azureuser/code/ML22-tentamen/models/20230214-081207model.pt
